[INFO ] 2021-06-12 11:47:59.159 [TestNG-test=Test-1] Logs - ---------sendCustomerName  Started----------
[INFO ] 2021-06-12 11:47:59.291 [TestNG-test=Test-1] Logs - Second Test Started
[INFO ] 2021-06-12 11:47:59.749 [TestNG-test=Test-1] Logs - Manager name sent
[INFO ] 2021-06-12 11:48:01.724 [TestNG-test=Test-1] Logs - Manager pwd sent
[INFO ] 2021-06-12 11:48:12.523 [TestNG-test=Test-1] Logs - Sending Customer Name
[INFO ] 2021-06-12 11:48:12.708 [TestNG-test=Test-1] Logs - Clicked on Gender
[INFO ] 2021-06-12 11:48:13.555 [TestNG-test=Test-1] Logs - Entered DOB
[INFO ] 2021-06-12 11:48:13.848 [TestNG-test=Test-1] Logs - Entered Address
[INFO ] 2021-06-12 11:48:13.849 [TestNG-test=Test-1] Logs - Not able to enter address
[INFO ] 2021-06-12 11:48:14.052 [TestNG-test=Test-1] Logs - Entered Password
[INFO ] 2021-06-12 11:48:14.169 [TestNG-test=Test-1] Logs - Entered State
[INFO ] 2021-06-12 11:48:14.601 [TestNG-test=Test-1] Logs - Entered Mobile
[INFO ] 2021-06-12 11:48:14.737 [TestNG-test=Test-1] Logs - Entered Mailid
[INFO ] 2021-06-12 11:48:14.861 [TestNG-test=Test-1] Logs - Entered Pincode
[INFO ] 2021-06-12 11:48:16.872 [TestNG-test=Test-1] Logs - Clicked on submit
[INFO ] 2021-06-12 11:48:18.649 [TestNG-test=Test-2] Logs - ---------getLoginData  Started----------
[INFO ] 2021-06-12 11:48:18.651 [TestNG-test=Test-2] Logs - Browser initialized
[INFO ] 2021-06-12 11:48:18.652 [TestNG-test=Test-2] Logs - mngr445777
[INFO ] 2021-06-12 11:48:18.653 [TestNG-test=Test-2] Logs - yrhdki
[INFO ] 2021-06-12 11:48:18.655 [TestNG-test=Test-2] Logs - Data Provider value send
[INFO ] 2021-06-12 11:48:18.828 [TestNG-test=Test-2] Logs - Data Provider Password send
[INFO ] 2021-06-12 11:48:25.338 [TestNG-test=Test-2] Logs - ---------getLoginData  Started----------
[INFO ] 2021-06-12 11:48:25.340 [TestNG-test=Test-2] Logs - Browser initialized
[INFO ] 2021-06-12 11:48:25.340 [TestNG-test=Test-2] Logs - $value*123
[INFO ] 2021-06-12 11:48:25.341 [TestNG-test=Test-2] Logs - 78383Y@
[INFO ] 2021-06-12 11:48:25.344 [TestNG-test=Test-2] Logs - Data Provider value send
[INFO ] 2021-06-12 11:48:25.466 [TestNG-test=Test-2] Logs - Data Provider Password send
[INFO ] 2021-06-12 11:48:29.286 [TestNG-test=Test-2] Logs - ---------getLoginData  Started----------
[INFO ] 2021-06-12 11:48:29.287 [TestNG-test=Test-2] Logs - Browser initialized
[INFO ] 2021-06-12 11:48:29.287 [TestNG-test=Test-2] Logs - mngr330489
[INFO ] 2021-06-12 11:48:29.287 [TestNG-test=Test-2] Logs - ugybunU
[INFO ] 2021-06-12 11:48:29.289 [TestNG-test=Test-2] Logs - Data Provider value send
[INFO ] 2021-06-12 11:48:29.414 [TestNG-test=Test-2] Logs - Data Provider Password send
[INFO ] 2021-06-12 11:48:34.605 [main] Logs - ---------getLoginData  Finished----------
[INFO ] 2021-06-12 16:37:42.682 [TestNG-test=Test-1] Logs - ---------sendCustomerName  Started----------
[INFO ] 2021-06-12 16:37:59.621 [TestNG-test=Test-2] Logs - ---------getLoginData  Started----------
[INFO ] 2021-06-12 16:37:59.642 [TestNG-test=Test-2] Logs - ---------getLoginData  Started----------
[INFO ] 2021-06-12 16:37:59.705 [TestNG-test=Test-2] Logs - ---------getLoginData  Started----------
[INFO ] 2021-06-12 16:38:00.028 [main] Logs - ---------getLoginData  Finished----------
[INFO ] 2021-06-12 16:44:50.067 [TestNG-test=Test-1] Logs - ---------sendCustomerName  Started----------
[INFO ] 2021-06-12 16:45:55.743 [TestNG-test=Test-2] Logs - ---------getLoginData  Started----------
[INFO ] 2021-06-12 16:45:56.414 [TestNG-test=Test-2] Logs - ---------getLoginData  Started----------
[INFO ] 2021-06-12 16:45:57.050 [TestNG-test=Test-2] Logs - ---------getLoginData  Started----------
[INFO ] 2021-06-12 16:46:00.060 [main] Logs - ---------getLoginData  Finished----------
[INFO ] 2021-06-12 21:12:28.360 [main] Logs - ---------sendCustomerName  Started----------
[INFO ] 2021-06-12 21:13:39.910 [main] Logs - ---------getLoginData  Started----------
[INFO ] 2021-06-12 21:13:39.918 [main] Logs - ---------getLoginData  Started----------
[INFO ] 2021-06-12 21:13:39.924 [main] Logs - ---------getLoginData  Started----------
[INFO ] 2021-06-12 21:13:40.603 [main] Logs - ---------getLoginData  Finished----------
[INFO ] 2021-06-12 22:24:01.692 [main] Logs - ---------sendCustomerName  Started----------
[INFO ] 2021-06-12 22:25:25.289 [main] Logs - ---------getLoginData  Started----------
[INFO ] 2021-06-12 22:25:25.290 [main] Logs - Browser initialized
[INFO ] 2021-06-12 22:25:25.290 [main] Logs - mngr445777
[INFO ] 2021-06-12 22:25:25.290 [main] Logs - yrhdki
[INFO ] 2021-06-12 22:25:25.674 [main] Logs - Data Provider value send
[INFO ] 2021-06-12 22:25:27.123 [main] Logs - Data Provider Password send
[INFO ] 2021-06-12 22:25:37.255 [main] Logs - ---------getLoginData  Started----------
[INFO ] 2021-06-12 22:25:37.255 [main] Logs - Browser initialized
[INFO ] 2021-06-12 22:25:37.255 [main] Logs - $value*123
[INFO ] 2021-06-12 22:25:37.255 [main] Logs - 78383Y@
[INFO ] 2021-06-12 22:25:37.256 [main] Logs - Data Provider value send
[INFO ] 2021-06-12 22:25:37.787 [main] Logs - ---------getLoginData  Finished----------
[INFO ] 2021-06-12 22:30:45.973 [main] Logs - ---------sendCustomerName  Started----------
[INFO ] 2021-06-12 22:30:46.185 [main] Logs - Second Test Started
[INFO ] 2021-06-12 22:30:46.768 [main] Logs - Manager name sent
[INFO ] 2021-06-12 22:30:48.552 [main] Logs - Manager pwd sent
[INFO ] 2021-06-12 22:30:57.498 [main] Logs - Sending Customer Name
[INFO ] 2021-06-12 22:30:57.598 [main] Logs - Clicked on Gender
[INFO ] 2021-06-12 22:30:58.391 [main] Logs - Entered DOB
[INFO ] 2021-06-12 22:30:58.684 [main] Logs - Entered Address
[INFO ] 2021-06-12 22:30:58.685 [main] Logs - Not able to enter address
[INFO ] 2021-06-12 22:30:58.935 [main] Logs - Entered Password
[INFO ] 2021-06-12 22:30:58.970 [main] Logs - Entered State
[INFO ] 2021-06-12 22:30:59.057 [main] Logs - Entered Mobile
[INFO ] 2021-06-12 22:30:59.119 [main] Logs - Entered Mailid
[INFO ] 2021-06-12 22:30:59.188 [main] Logs - Entered Pincode
[INFO ] 2021-06-12 22:30:59.557 [main] Logs - Clicked on submit
[INFO ] 2021-06-12 22:31:03.167 [main] Logs - ---------sendCustomerName  Finished----------
[INFO ] 2021-06-12 22:32:10.631 [main] Logs - ---------sendCustomerName  Started----------
[INFO ] 2021-06-12 22:32:10.636 [main] Logs - Second Test Started
[INFO ] 2021-06-12 22:32:10.679 [main] Logs - Manager name sent
[INFO ] 2021-06-12 22:32:10.858 [main] Logs - Manager pwd sent
[INFO ] 2021-06-12 22:32:16.832 [main] Logs - Sending Customer Name
[INFO ] 2021-06-12 22:32:16.930 [main] Logs - Clicked on Gender
[INFO ] 2021-06-12 22:32:17.802 [main] Logs - Entered DOB
[INFO ] 2021-06-12 22:32:18.051 [main] Logs - Entered Address
[INFO ] 2021-06-12 22:32:18.051 [main] Logs - Not able to enter address
[INFO ] 2021-06-12 22:32:18.324 [main] Logs - Entered Password
[INFO ] 2021-06-12 22:32:18.370 [main] Logs - Entered State
[INFO ] 2021-06-12 22:32:18.481 [main] Logs - Entered Mobile
[INFO ] 2021-06-12 22:32:18.517 [main] Logs - Entered Mailid
[INFO ] 2021-06-12 22:32:18.549 [main] Logs - Entered Pincode
[INFO ] 2021-06-12 22:32:19.169 [main] Logs - Clicked on submit
[INFO ] 2021-06-12 22:32:20.282 [main] Logs - ---------sendCustomerName  Finished----------
[INFO ] 2021-06-12 22:33:25.804 [main] Logs - ---------sendCustomerName  Started----------
[INFO ] 2021-06-12 22:33:25.809 [main] Logs - Second Test Started
[INFO ] 2021-06-12 22:33:25.840 [main] Logs - Manager name sent
[INFO ] 2021-06-12 22:33:25.924 [main] Logs - Manager pwd sent
[INFO ] 2021-06-12 22:33:32.597 [main] Logs - Sending Customer Name
[INFO ] 2021-06-12 22:33:32.691 [main] Logs - Clicked on Gender
[INFO ] 2021-06-12 22:33:33.504 [main] Logs - Entered DOB
[INFO ] 2021-06-12 22:33:33.612 [main] Logs - Entered Address
[INFO ] 2021-06-12 22:33:33.612 [main] Logs - Not able to enter address
[INFO ] 2021-06-12 22:33:33.698 [main] Logs - Entered Password
[INFO ] 2021-06-12 22:33:33.737 [main] Logs - Entered State
[INFO ] 2021-06-12 22:33:33.810 [main] Logs - Entered Mobile
[INFO ] 2021-06-12 22:33:33.849 [main] Logs - Entered Mailid
[INFO ] 2021-06-12 22:33:34.105 [main] Logs - Entered Pincode
[INFO ] 2021-06-12 22:33:34.185 [main] Logs - Clicked on submit
[INFO ] 2021-06-12 22:33:34.531 [main] Logs - ---------sendCustomerName  Finished----------
[INFO ] 2021-06-12 22:43:26.211 [main] Logs - ---------sendCustomerName  Started----------
[INFO ] 2021-06-12 22:43:26.333 [main] Logs - Second Test Started
[INFO ] 2021-06-12 22:43:26.734 [main] Logs - Manager name sent
[INFO ] 2021-06-12 22:43:26.855 [main] Logs - Manager pwd sent
[INFO ] 2021-06-12 22:43:33.090 [main] Logs - Sending Customer Name
[INFO ] 2021-06-12 22:43:33.140 [main] Logs - Clicked on Gender
[INFO ] 2021-06-12 22:43:33.436 [main] Logs - Entered DOB
[INFO ] 2021-06-12 22:43:33.530 [main] Logs - Entered Address
[INFO ] 2021-06-12 22:43:33.608 [main] Logs - Entered Password
[INFO ] 2021-06-12 22:43:33.987 [main] Logs - Entered State
[INFO ] 2021-06-12 22:43:34.067 [main] Logs - Entered Mobile
[INFO ] 2021-06-12 22:43:34.115 [main] Logs - Entered Mailid
[INFO ] 2021-06-12 22:43:34.144 [main] Logs - Entered Pincode
[INFO ] 2021-06-12 22:43:34.638 [main] Logs - Clicked on submit
[INFO ] 2021-06-12 22:43:36.031 [main] Logs - ---------sendCustomerName  Finished----------
[INFO ] 2021-06-12 22:48:22.413 [main] Logs - ---------sendCustomerName  Started----------
[INFO ] 2021-06-12 22:48:22.748 [main] Logs - Second Test Started
[INFO ] 2021-06-12 22:48:23.583 [main] Logs - Manager name sent
[INFO ] 2021-06-12 22:48:23.874 [main] Logs - Manager pwd sent
[INFO ] 2021-06-12 22:48:30.439 [main] Logs - Sending Customer Name
[INFO ] 2021-06-12 22:48:30.514 [main] Logs - Clicked on Gender
[INFO ] 2021-06-12 22:48:37.041 [main] Logs - Entered DOB
[INFO ] 2021-06-12 22:48:37.167 [main] Logs - Entered Address
[INFO ] 2021-06-12 22:48:37.272 [main] Logs - Entered Password
[INFO ] 2021-06-12 22:48:37.343 [main] Logs - Entered State
[INFO ] 2021-06-12 22:48:37.522 [main] Logs - Entered Mobile
[INFO ] 2021-06-12 22:48:37.574 [main] Logs - Entered Mailid
[INFO ] 2021-06-12 22:48:37.605 [main] Logs - Entered Pincode
[INFO ] 2021-06-12 22:48:37.663 [main] Logs - Clicked on submit
[INFO ] 2021-06-12 22:48:38.580 [main] Logs - ---------sendCustomerName  Finished----------
[INFO ] 2021-06-12 22:50:52.865 [main] Logs - ---------sendCustomerName  Started----------
[INFO ] 2021-06-12 22:50:53.030 [main] Logs - Second Test Started
[INFO ] 2021-06-12 22:50:53.479 [main] Logs - Manager name sent
[INFO ] 2021-06-12 22:50:53.721 [main] Logs - Manager pwd sent
[INFO ] 2021-06-12 22:51:00.281 [main] Logs - Sending Customer Name
[INFO ] 2021-06-12 22:51:00.402 [main] Logs - Clicked on Gender
[INFO ] 2021-06-12 22:51:07.977 [main] Logs - Entered DOB
[INFO ] 2021-06-12 22:51:08.114 [main] Logs - Entered Address
[INFO ] 2021-06-12 22:51:08.218 [main] Logs - Entered Password
[INFO ] 2021-06-12 22:51:08.256 [main] Logs - Entered State
[INFO ] 2021-06-12 22:51:08.356 [main] Logs - Entered Mobile
[INFO ] 2021-06-12 22:51:08.406 [main] Logs - Entered Mailid
[INFO ] 2021-06-12 22:51:08.445 [main] Logs - Entered Pincode
[INFO ] 2021-06-12 22:51:08.511 [main] Logs - Clicked on submit
[INFO ] 2021-06-12 22:51:09.265 [main] Logs - ---------sendCustomerName  Finished----------
[INFO ] 2021-06-12 23:25:41.930 [main] Logs - ---------sendCustomerName  Started----------
[INFO ] 2021-06-12 23:25:42.144 [main] Logs - Second Test Started
[INFO ] 2021-06-12 23:25:43.180 [main] Logs - Manager name sent
[INFO ] 2021-06-12 23:25:44.172 [main] Logs - Manager pwd sent
[INFO ] 2021-06-12 23:25:50.459 [main] Logs - Sending Customer Name
[INFO ] 2021-06-12 23:25:50.998 [main] Logs - Clicked on Gender
[INFO ] 2021-06-12 23:25:59.181 [main] Logs - Entered DOB
[INFO ] 2021-06-12 23:25:59.762 [main] Logs - Entered Address
[INFO ] 2021-06-12 23:26:00.322 [main] Logs - Entered Password
[INFO ] 2021-06-12 23:26:00.497 [main] Logs - Entered State
[INFO ] 2021-06-12 23:26:01.407 [main] Logs - Entered Mobile
[INFO ] 2021-06-12 23:26:01.612 [main] Logs - Entered Mailid
[INFO ] 2021-06-12 23:26:01.760 [main] Logs - Entered Pincode
[INFO ] 2021-06-12 23:26:02.306 [main] Logs - Clicked on submit
[INFO ] 2021-06-12 23:26:05.090 [main] Logs - ---------sendCustomerName  Finished----------
